<?xml version="1.0" encoding="UTF-8"?>
<!-- Generated by org.testng.reporters.JUnitReportReporter -->
<testsuite hostname="DESKTOP-BQM2UIV" failures="0" tests="1" name="Academy.validateNavigationBar" time="0.281" errors="0" timestamp="23 Feb 2021 16:25:10 GMT">
  <testcase classname="Academy.validateNavigationBar" name="basePageNavigation" time="0.281"/>
</testsuite> <!-- Academy.validateNavigationBar -->
