<?xml version="1.0" encoding="UTF-8"?>
<!-- Generated by org.testng.reporters.JUnitReportReporter -->
<testsuite hostname="DESKTOP-BQM2UIV" failures="0" tests="2" name="Academy.HomePage" time="14.184" errors="0" timestamp="23 Feb 2021 16:25:10 GMT">
  <testcase classname="Academy.HomePage" name="basePageNavigation" time="3.558"/>
  <testcase classname="Academy.HomePage" name="basePageNavigation" time="10.626"/>
</testsuite> <!-- Academy.HomePage -->
