<?xml version="1.0" encoding="UTF-8"?>
<!-- Generated by org.testng.reporters.JUnitReportReporter -->
<testsuite hostname="CINT-IAOW-010" failures="0" tests="2" name="Academy.HomePage" time="11.308" errors="0" timestamp="7 Feb 2021 08:21:26 GMT">
  <testcase classname="Academy.HomePage" name="basePageNavigation" time="7.688"/>
  <testcase classname="Academy.HomePage" name="basePageNavigation" time="3.620"/>
</testsuite> <!-- Academy.HomePage -->
