<?xml version="1.0" encoding="UTF-8"?>
<!-- Generated by org.testng.reporters.JUnitReportReporter -->
<testsuite hostname="CINT-IAOW-010" failures="0" tests="1" name="Academy.validateNavigationBar" time="0.243" errors="0" timestamp="7 Feb 2021 06:32:50 GMT">
  <testcase classname="Academy.validateNavigationBar" name="basePageNavigation" time="0.243"/>
</testsuite> <!-- Academy.validateNavigationBar -->
