<?xml version="1.0" encoding="UTF-8"?>
<!-- Generated by org.testng.reporters.JUnitReportReporter -->
<testsuite hostname="DESKTOP-BQM2UIV" failures="0" tests="2" name="Academy.ValidateTitle" time="0.402" errors="0" timestamp="23 Feb 2021 16:25:10 GMT">
  <testcase classname="Academy.ValidateTitle" name="validateheader" time="0.123"/>
  <testcase classname="Academy.ValidateTitle" name="basePageNavigation" time="0.279"/>
</testsuite> <!-- Academy.ValidateTitle -->
