<?xml version="1.0" encoding="UTF-8"?>
<!-- Generated by org.testng.reporters.JUnitReportReporter -->
<testsuite hostname="CINT-IAOW-010" failures="0" tests="2" name="Academy.ValidateTitle" time="0.100" errors="0" timestamp="7 Feb 2021 09:24:29 GMT">
  <testcase classname="Academy.ValidateTitle" name="basePageNavigation" time="0.050"/>
  <testcase classname="Academy.ValidateTitle" name="validateheader" time="0.050"/>
</testsuite> <!-- Academy.ValidateTitle -->
