<?xml version="1.0" encoding="UTF-8"?>
<!-- Generated by org.testng.reporters.JUnitReportReporter -->
<testsuite hostname="CINT-IAOW-010" name="Academy.ValidateTitle" tests="2" failures="0" timestamp="9 Feb 2021 05:45:58 GMT" time="0.467" errors="0">
  <testcase name="basePageNavigation" time="0.317" classname="Academy.ValidateTitle"/>
  <testcase name="validateheader" time="0.150" classname="Academy.ValidateTitle"/>
</testsuite> <!-- Academy.ValidateTitle -->
