<?xml version="1.0" encoding="UTF-8"?>
<!-- Generated by org.testng.reporters.JUnitReportReporter -->
<testsuite hostname="CINT-IAOW-010" name="Academy.validateNavigationBar" tests="1" failures="0" timestamp="9 Feb 2021 05:45:58 GMT" time="0.344" errors="0">
  <testcase name="basePageNavigation" time="0.344" classname="Academy.validateNavigationBar"/>
</testsuite> <!-- Academy.validateNavigationBar -->
