<?xml version="1.0" encoding="UTF-8"?>
<!-- Generated by org.testng.reporters.JUnitReportReporter -->
<testsuite hostname="CINT-IAOW-010" name="Academy.HomePage" tests="2" failures="0" timestamp="9 Feb 2021 05:45:58 GMT" time="25.645" errors="0">
  <testcase name="basePageNavigation" time="22.764" classname="Academy.HomePage"/>
  <testcase name="basePageNavigation" time="2.881" classname="Academy.HomePage"/>
</testsuite> <!-- Academy.HomePage -->
